{"/Users/milito/Projects/card/card-vault/components/CardForm.tsx": {"path":"/Users/milito/Projects/card/card-vault/components/CardForm.tsx","statementMap":{"0":{"start":{"line":20,"column":18},"end":{"line":20,"column":55}},"1":{"start":{"line":21,"column":17},"end":{"line":21,"column":47}},"2":{"start":{"line":22,"column":2},"end":{"line":22,"column":33}},"3":{"start":{"line":26,"column":18},"end":{"line":26,"column":54}},"4":{"start":{"line":27,"column":2},"end":{"line":29,"column":3}},"5":{"start":{"line":28,"column":4},"end":{"line":28,"column":56}},"6":{"start":{"line":30,"column":2},"end":{"line":30,"column":17}},"7":{"start":{"line":38,"column":34},"end":{"line":38,"column":71}},"8":{"start":{"line":39,"column":38},"end":{"line":41,"column":3}},"9":{"start":{"line":42,"column":26},"end":{"line":42,"column":59}},"10":{"start":{"line":43,"column":32},"end":{"line":43,"column":68}},"11":{"start":{"line":44,"column":34},"end":{"line":44,"column":71}},"12":{"start":{"line":45,"column":28},"end":{"line":45,"column":62}},"13":{"start":{"line":46,"column":28},"end":{"line":46,"column":40}},"14":{"start":{"line":47,"column":32},"end":{"line":47,"column":47}},"15":{"start":{"line":50,"column":4},"end":{"line":50,"column":17}},"16":{"start":{"line":51,"column":4},"end":{"line":54,"column":5}},"17":{"start":{"line":52,"column":6},"end":{"line":52,"column":40}},"18":{"start":{"line":53,"column":6},"end":{"line":53,"column":13}},"19":{"start":{"line":55,"column":26},"end":{"line":55,"column":55}},"20":{"start":{"line":56,"column":4},"end":{"line":59,"column":5}},"21":{"start":{"line":57,"column":6},"end":{"line":57,"column":41}},"22":{"start":{"line":58,"column":6},"end":{"line":58,"column":13}},"23":{"start":{"line":60,"column":4},"end":{"line":63,"column":5}},"24":{"start":{"line":61,"column":6},"end":{"line":61,"column":34}},"25":{"start":{"line":62,"column":6},"end":{"line":62,"column":13}},"26":{"start":{"line":64,"column":4},"end":{"line":67,"column":5}},"27":{"start":{"line":65,"column":6},"end":{"line":65,"column":44}},"28":{"start":{"line":66,"column":6},"end":{"line":66,"column":13}},"29":{"start":{"line":69,"column":4},"end":{"line":69,"column":21}},"30":{"start":{"line":70,"column":4},"end":{"line":83,"column":5}},"31":{"start":{"line":71,"column":6},"end":{"line":78,"column":9}},"32":{"start":{"line":80,"column":6},"end":{"line":80,"column":38}},"33":{"start":{"line":82,"column":6},"end":{"line":82,"column":24}},"34":{"start":{"line":86,"column":2},"end":{"line":188,"column":4}},"35":{"start":{"line":112,"column":31},"end":{"line":112,"column":65}},"36":{"start":{"line":127,"column":35},"end":{"line":127,"column":76}},"37":{"start":{"line":141,"column":35},"end":{"line":141,"column":63}}},"fnMap":{"0":{"name":"formatCardNumber","decl":{"start":{"line":19,"column":9},"end":{"line":19,"column":25}},"loc":{"start":{"line":19,"column":41},"end":{"line":23,"column":1}},"line":19},"1":{"name":"formatExpDate","decl":{"start":{"line":25,"column":9},"end":{"line":25,"column":22}},"loc":{"start":{"line":25,"column":38},"end":{"line":31,"column":1}},"line":25},"2":{"name":"CardForm","decl":{"start":{"line":33,"column":16},"end":{"line":33,"column":24}},"loc":{"start":{"line":37,"column":18},"end":{"line":189,"column":1}},"line":37},"3":{"name":"handleSave","decl":{"start":{"line":49,"column":17},"end":{"line":49,"column":27}},"loc":{"start":{"line":49,"column":30},"end":{"line":84,"column":3}},"line":49},"4":{"name":"(anonymous_4)","decl":{"start":{"line":112,"column":24},"end":{"line":112,"column":25}},"loc":{"start":{"line":112,"column":31},"end":{"line":112,"column":65}},"line":112},"5":{"name":"(anonymous_5)","decl":{"start":{"line":127,"column":28},"end":{"line":127,"column":29}},"loc":{"start":{"line":127,"column":35},"end":{"line":127,"column":76}},"line":127},"6":{"name":"(anonymous_6)","decl":{"start":{"line":141,"column":28},"end":{"line":141,"column":29}},"loc":{"start":{"line":141,"column":35},"end":{"line":141,"column":63}},"line":141}},"branchMap":{"0":{"loc":{"start":{"line":21,"column":17},"end":{"line":21,"column":47}},"type":"binary-expr","locations":[{"start":{"line":21,"column":17},"end":{"line":21,"column":41}},{"start":{"line":21,"column":45},"end":{"line":21,"column":47}}],"line":21},"1":{"loc":{"start":{"line":27,"column":2},"end":{"line":29,"column":3}},"type":"if","locations":[{"start":{"line":27,"column":2},"end":{"line":29,"column":3}},{"start":{},"end":{}}],"line":27},"2":{"loc":{"start":{"line":36,"column":2},"end":{"line":36,"column":27}},"type":"default-arg","locations":[{"start":{"line":36,"column":16},"end":{"line":36,"column":27}}],"line":36},"3":{"loc":{"start":{"line":38,"column":43},"end":{"line":38,"column":70}},"type":"binary-expr","locations":[{"start":{"line":38,"column":43},"end":{"line":38,"column":64}},{"start":{"line":38,"column":68},"end":{"line":38,"column":70}}],"line":38},"4":{"loc":{"start":{"line":40,"column":4},"end":{"line":40,"column":63}},"type":"cond-expr","locations":[{"start":{"line":40,"column":18},"end":{"line":40,"column":58}},{"start":{"line":40,"column":61},"end":{"line":40,"column":63}}],"line":40},"5":{"loc":{"start":{"line":42,"column":35},"end":{"line":42,"column":58}},"type":"binary-expr","locations":[{"start":{"line":42,"column":35},"end":{"line":42,"column":52}},{"start":{"line":42,"column":56},"end":{"line":42,"column":58}}],"line":42},"6":{"loc":{"start":{"line":43,"column":41},"end":{"line":43,"column":67}},"type":"binary-expr","locations":[{"start":{"line":43,"column":41},"end":{"line":43,"column":61}},{"start":{"line":43,"column":65},"end":{"line":43,"column":67}}],"line":43},"7":{"loc":{"start":{"line":44,"column":43},"end":{"line":44,"column":70}},"type":"binary-expr","locations":[{"start":{"line":44,"column":43},"end":{"line":44,"column":64}},{"start":{"line":44,"column":68},"end":{"line":44,"column":70}}],"line":44},"8":{"loc":{"start":{"line":45,"column":37},"end":{"line":45,"column":61}},"type":"binary-expr","locations":[{"start":{"line":45,"column":37},"end":{"line":45,"column":55}},{"start":{"line":45,"column":59},"end":{"line":45,"column":61}}],"line":45},"9":{"loc":{"start":{"line":51,"column":4},"end":{"line":54,"column":5}},"type":"if","locations":[{"start":{"line":51,"column":4},"end":{"line":54,"column":5}},{"start":{},"end":{}}],"line":51},"10":{"loc":{"start":{"line":56,"column":4},"end":{"line":59,"column":5}},"type":"if","locations":[{"start":{"line":56,"column":4},"end":{"line":59,"column":5}},{"start":{},"end":{}}],"line":56},"11":{"loc":{"start":{"line":60,"column":4},"end":{"line":63,"column":5}},"type":"if","locations":[{"start":{"line":60,"column":4},"end":{"line":63,"column":5}},{"start":{},"end":{}}],"line":60},"12":{"loc":{"start":{"line":64,"column":4},"end":{"line":67,"column":5}},"type":"if","locations":[{"start":{"line":64,"column":4},"end":{"line":67,"column":5}},{"start":{},"end":{}}],"line":64},"13":{"loc":{"start":{"line":88,"column":16},"end":{"line":88,"column":60}},"type":"cond-expr","locations":[{"start":{"line":88,"column":40},"end":{"line":88,"column":49}},{"start":{"line":88,"column":52},"end":{"line":88,"column":60}}],"line":88},"14":{"loc":{"start":{"line":173,"column":9},"end":{"line":175,"column":16}},"type":"cond-expr","locations":[{"start":{"line":174,"column":10},"end":{"line":174,"column":60}},{"start":{"line":175,"column":12},"end":{"line":175,"column":16}}],"line":173},"15":{"loc":{"start":{"line":183,"column":13},"end":{"line":183,"column":48}},"type":"cond-expr","locations":[{"start":{"line":183,"column":23},"end":{"line":183,"column":34}},{"start":{"line":183,"column":37},"end":{"line":183,"column":48}}],"line":183}},"s":{"0":0,"1":0,"2":0,"3":0,"4":0,"5":0,"6":0,"7":0,"8":0,"9":0,"10":0,"11":0,"12":0,"13":0,"14":0,"15":0,"16":0,"17":0,"18":0,"19":0,"20":0,"21":0,"22":0,"23":0,"24":0,"25":0,"26":0,"27":0,"28":0,"29":0,"30":0,"31":0,"32":0,"33":0,"34":0,"35":0,"36":0,"37":0},"f":{"0":0,"1":0,"2":0,"3":0,"4":0,"5":0,"6":0},"b":{"0":[0,0],"1":[0,0],"2":[0],"3":[0,0],"4":[0,0],"5":[0,0],"6":[0,0],"7":[0,0],"8":[0,0],"9":[0,0],"10":[0,0],"11":[0,0],"12":[0,0],"13":[0,0],"14":[0,0],"15":[0,0]}}
,"/Users/milito/Projects/card/card-vault/components/EditScreenInfo.tsx": {"path":"/Users/milito/Projects/card/card-vault/components/EditScreenInfo.tsx","statementMap":{"0":{"start":{"line":11,"column":2},"end":{"line":46,"column":4}},"1":{"start":{"line":49,"column":15},"end":{"line":77,"column":2}}},"fnMap":{"0":{"name":"EditScreenInfo","decl":{"start":{"line":10,"column":24},"end":{"line":10,"column":38}},"loc":{"start":{"line":10,"column":67},"end":{"line":47,"column":1}},"line":10}},"branchMap":{},"s":{"0":0,"1":0},"f":{"0":0},"b":{}}
,"/Users/milito/Projects/card/card-vault/components/ExternalLink.tsx": {"path":"/Users/milito/Projects/card/card-vault/components/ExternalLink.tsx","statementMap":{"0":{"start":{"line":9,"column":2},"end":{"line":23,"column":4}},"1":{"start":{"line":15,"column":8},"end":{"line":20,"column":9}},"2":{"start":{"line":17,"column":10},"end":{"line":17,"column":29}},"3":{"start":{"line":19,"column":10},"end":{"line":19,"column":60}}},"fnMap":{"0":{"name":"ExternalLink","decl":{"start":{"line":6,"column":16},"end":{"line":6,"column":28}},"loc":{"start":{"line":8,"column":2},"end":{"line":24,"column":1}},"line":8},"1":{"name":"(anonymous_1)","decl":{"start":{"line":14,"column":15},"end":{"line":14,"column":16}},"loc":{"start":{"line":14,"column":22},"end":{"line":21,"column":7}},"line":14}},"branchMap":{"0":{"loc":{"start":{"line":15,"column":8},"end":{"line":20,"column":9}},"type":"if","locations":[{"start":{"line":15,"column":8},"end":{"line":20,"column":9}},{"start":{},"end":{}}],"line":15}},"s":{"0":0,"1":0,"2":0,"3":0},"f":{"0":0,"1":0},"b":{"0":[0,0]}}
,"/Users/milito/Projects/card/card-vault/components/StyledText.tsx": {"path":"/Users/milito/Projects/card/card-vault/components/StyledText.tsx","statementMap":{"0":{"start":{"line":4,"column":2},"end":{"line":4,"column":80}}},"fnMap":{"0":{"name":"MonoText","decl":{"start":{"line":3,"column":16},"end":{"line":3,"column":24}},"loc":{"start":{"line":3,"column":43},"end":{"line":5,"column":1}},"line":3}},"branchMap":{},"s":{"0":0},"f":{"0":0},"b":{}}
,"/Users/milito/Projects/card/card-vault/components/Themed.tsx": {"path":"/Users/milito/Projects/card/card-vault/components/Themed.tsx","statementMap":{"0":{"start":{"line":23,"column":16},"end":{"line":23,"column":32}},"1":{"start":{"line":24,"column":25},"end":{"line":24,"column":37}},"2":{"start":{"line":26,"column":2},"end":{"line":30,"column":3}},"3":{"start":{"line":27,"column":4},"end":{"line":27,"column":26}},"4":{"start":{"line":29,"column":4},"end":{"line":29,"column":36}},"5":{"start":{"line":34,"column":58},"end":{"line":34,"column":63}},"6":{"start":{"line":35,"column":16},"end":{"line":35,"column":77}},"7":{"start":{"line":37,"column":2},"end":{"line":37,"column":68}},"8":{"start":{"line":41,"column":58},"end":{"line":41,"column":63}},"9":{"start":{"line":42,"column":26},"end":{"line":42,"column":93}},"10":{"start":{"line":44,"column":2},"end":{"line":44,"column":78}}},"fnMap":{"0":{"name":"useThemeColor","decl":{"start":{"line":19,"column":16},"end":{"line":19,"column":29}},"loc":{"start":{"line":22,"column":2},"end":{"line":31,"column":1}},"line":22},"1":{"name":"Text","decl":{"start":{"line":33,"column":16},"end":{"line":33,"column":20}},"loc":{"start":{"line":33,"column":39},"end":{"line":38,"column":1}},"line":33},"2":{"name":"View","decl":{"start":{"line":40,"column":16},"end":{"line":40,"column":20}},"loc":{"start":{"line":40,"column":39},"end":{"line":45,"column":1}},"line":40}},"branchMap":{"0":{"loc":{"start":{"line":26,"column":2},"end":{"line":30,"column":3}},"type":"if","locations":[{"start":{"line":26,"column":2},"end":{"line":30,"column":3}},{"start":{"line":28,"column":9},"end":{"line":30,"column":3}}],"line":26}},"s":{"0":0,"1":0,"2":0,"3":0,"4":0,"5":0,"6":0,"7":0,"8":0,"9":0,"10":0},"f":{"0":0,"1":0,"2":0},"b":{"0":[0,0]}}
,"/Users/milito/Projects/card/card-vault/contexts/AuthContext.tsx": {"path":"/Users/milito/Projects/card/card-vault/contexts/AuthContext.tsx","statementMap":{"0":{"start":{"line":18,"column":20},"end":{"line":18,"column":63}},"1":{"start":{"line":21,"column":36},"end":{"line":21,"column":66}},"2":{"start":{"line":22,"column":48},"end":{"line":22,"column":63}},"3":{"start":{"line":24,"column":2},"end":{"line":26,"column":9}},"4":{"start":{"line":25,"column":4},"end":{"line":25,"column":16}},"5":{"start":{"line":28,"column":25},"end":{"line":28,"column":75}},"6":{"start":{"line":30,"column":2},"end":{"line":58,"column":18}},"7":{"start":{"line":31,"column":4},"end":{"line":31,"column":41}},"8":{"start":{"line":31,"column":34},"end":{"line":31,"column":41}},"9":{"start":{"line":33,"column":33},"end":{"line":50,"column":5}},"10":{"start":{"line":34,"column":6},"end":{"line":49,"column":7}},"11":{"start":{"line":35,"column":24},"end":{"line":35,"column":58}},"12":{"start":{"line":36,"column":8},"end":{"line":43,"column":9}},"13":{"start":{"line":37,"column":10},"end":{"line":37,"column":75}},"14":{"start":{"line":37,"column":38},"end":{"line":37,"column":75}},"15":{"start":{"line":38,"column":10},"end":{"line":42,"column":29}},"16":{"start":{"line":39,"column":12},"end":{"line":39,"column":24}},"17":{"start":{"line":40,"column":12},"end":{"line":40,"column":35}},"18":{"start":{"line":41,"column":12},"end":{"line":41,"column":42}},"19":{"start":{"line":44,"column":13},"end":{"line":49,"column":7}},"20":{"start":{"line":45,"column":8},"end":{"line":48,"column":9}},"21":{"start":{"line":46,"column":10},"end":{"line":46,"column":47}},"22":{"start":{"line":47,"column":10},"end":{"line":47,"column":40}},"23":{"start":{"line":52,"column":16},"end":{"line":52,"column":83}},"24":{"start":{"line":52,"column":59},"end":{"line":52,"column":82}},"25":{"start":{"line":54,"column":4},"end":{"line":57,"column":6}},"26":{"start":{"line":55,"column":6},"end":{"line":55,"column":19}},"27":{"start":{"line":56,"column":6},"end":{"line":56,"column":71}},"28":{"start":{"line":56,"column":34},"end":{"line":56,"column":71}},"29":{"start":{"line":61,"column":26},"end":{"line":61,"column":54}},"30":{"start":{"line":62,"column":4},"end":{"line":65,"column":5}},"31":{"start":{"line":63,"column":6},"end":{"line":63,"column":28}},"32":{"start":{"line":64,"column":6},"end":{"line":64,"column":13}},"33":{"start":{"line":67,"column":25},"end":{"line":67,"column":53}},"34":{"start":{"line":68,"column":4},"end":{"line":68,"column":37}},"35":{"start":{"line":70,"column":4},"end":{"line":73,"column":5}},"36":{"start":{"line":71,"column":6},"end":{"line":71,"column":31}},"37":{"start":{"line":72,"column":6},"end":{"line":72,"column":13}},"38":{"start":{"line":75,"column":4},"end":{"line":75,"column":27}},"39":{"start":{"line":79,"column":4},"end":{"line":79,"column":29}},"40":{"start":{"line":80,"column":4},"end":{"line":80,"column":29}},"41":{"start":{"line":84,"column":20},"end":{"line":84,"column":49}},"42":{"start":{"line":85,"column":4},"end":{"line":85,"column":42}},"43":{"start":{"line":85,"column":17},"end":{"line":85,"column":42}},"44":{"start":{"line":86,"column":4},"end":{"line":86,"column":19}},"45":{"start":{"line":90,"column":20},"end":{"line":90,"column":52}},"46":{"start":{"line":91,"column":4},"end":{"line":91,"column":42}},"47":{"start":{"line":91,"column":17},"end":{"line":91,"column":42}},"48":{"start":{"line":92,"column":4},"end":{"line":92,"column":19}},"49":{"start":{"line":96,"column":4},"end":{"line":96,"column":16}},"50":{"start":{"line":97,"column":4},"end":{"line":97,"column":27}},"51":{"start":{"line":100,"column":2},"end":{"line":114,"column":4}},"52":{"start":{"line":118,"column":18},"end":{"line":118,"column":41}},"53":{"start":{"line":119,"column":2},"end":{"line":119,"column":76}},"54":{"start":{"line":119,"column":16},"end":{"line":119,"column":76}},"55":{"start":{"line":120,"column":2},"end":{"line":120,"column":17}}},"fnMap":{"0":{"name":"AuthProvider","decl":{"start":{"line":20,"column":16},"end":{"line":20,"column":28}},"loc":{"start":{"line":20,"column":74},"end":{"line":115,"column":1}},"line":20},"1":{"name":"(anonymous_1)","decl":{"start":{"line":24,"column":12},"end":{"line":24,"column":13}},"loc":{"start":{"line":24,"column":18},"end":{"line":26,"column":3}},"line":24},"2":{"name":"(anonymous_2)","decl":{"start":{"line":30,"column":12},"end":{"line":30,"column":13}},"loc":{"start":{"line":30,"column":18},"end":{"line":58,"column":3}},"line":30},"3":{"name":"(anonymous_3)","decl":{"start":{"line":33,"column":33},"end":{"line":33,"column":34}},"loc":{"start":{"line":33,"column":70},"end":{"line":50,"column":5}},"line":33},"4":{"name":"(anonymous_4)","decl":{"start":{"line":38,"column":46},"end":{"line":38,"column":47}},"loc":{"start":{"line":38,"column":52},"end":{"line":42,"column":11}},"line":38},"5":{"name":"(anonymous_5)","decl":{"start":{"line":52,"column":52},"end":{"line":52,"column":53}},"loc":{"start":{"line":52,"column":59},"end":{"line":52,"column":82}},"line":52},"6":{"name":"(anonymous_6)","decl":{"start":{"line":54,"column":11},"end":{"line":54,"column":12}},"loc":{"start":{"line":54,"column":17},"end":{"line":57,"column":5}},"line":54},"7":{"name":"checkAuth","decl":{"start":{"line":60,"column":17},"end":{"line":60,"column":26}},"loc":{"start":{"line":60,"column":29},"end":{"line":76,"column":3}},"line":60},"8":{"name":"setupPin","decl":{"start":{"line":78,"column":17},"end":{"line":78,"column":25}},"loc":{"start":{"line":78,"column":39},"end":{"line":81,"column":3}},"line":78},"9":{"name":"unlockWithPin","decl":{"start":{"line":83,"column":17},"end":{"line":83,"column":30}},"loc":{"start":{"line":83,"column":62},"end":{"line":87,"column":3}},"line":83},"10":{"name":"unlockWithBiometric","decl":{"start":{"line":89,"column":17},"end":{"line":89,"column":36}},"loc":{"start":{"line":89,"column":57},"end":{"line":93,"column":3}},"line":89},"11":{"name":"lock","decl":{"start":{"line":95,"column":11},"end":{"line":95,"column":15}},"loc":{"start":{"line":95,"column":18},"end":{"line":98,"column":3}},"line":95},"12":{"name":"useAuth","decl":{"start":{"line":117,"column":16},"end":{"line":117,"column":23}},"loc":{"start":{"line":117,"column":26},"end":{"line":121,"column":1}},"line":117}},"branchMap":{"0":{"loc":{"start":{"line":31,"column":4},"end":{"line":31,"column":41}},"type":"if","locations":[{"start":{"line":31,"column":4},"end":{"line":31,"column":41}},{"start":{},"end":{}}],"line":31},"1":{"loc":{"start":{"line":34,"column":6},"end":{"line":49,"column":7}},"type":"if","locations":[{"start":{"line":34,"column":6},"end":{"line":49,"column":7}},{"start":{"line":44,"column":13},"end":{"line":49,"column":7}}],"line":34},"2":{"loc":{"start":{"line":34,"column":10},"end":{"line":34,"column":64}},"type":"binary-expr","locations":[{"start":{"line":34,"column":10},"end":{"line":34,"column":36}},{"start":{"line":34,"column":40},"end":{"line":34,"column":64}}],"line":34},"3":{"loc":{"start":{"line":36,"column":8},"end":{"line":43,"column":9}},"type":"if","locations":[{"start":{"line":36,"column":8},"end":{"line":43,"column":9}},{"start":{},"end":{}}],"line":36},"4":{"loc":{"start":{"line":37,"column":10},"end":{"line":37,"column":75}},"type":"if","locations":[{"start":{"line":37,"column":10},"end":{"line":37,"column":75}},{"start":{},"end":{}}],"line":37},"5":{"loc":{"start":{"line":44,"column":13},"end":{"line":49,"column":7}},"type":"if","locations":[{"start":{"line":44,"column":13},"end":{"line":49,"column":7}},{"start":{},"end":{}}],"line":44},"6":{"loc":{"start":{"line":45,"column":8},"end":{"line":48,"column":9}},"type":"if","locations":[{"start":{"line":45,"column":8},"end":{"line":48,"column":9}},{"start":{},"end":{}}],"line":45},"7":{"loc":{"start":{"line":56,"column":6},"end":{"line":56,"column":71}},"type":"if","locations":[{"start":{"line":56,"column":6},"end":{"line":56,"column":71}},{"start":{},"end":{}}],"line":56},"8":{"loc":{"start":{"line":62,"column":4},"end":{"line":65,"column":5}},"type":"if","locations":[{"start":{"line":62,"column":4},"end":{"line":65,"column":5}},{"start":{},"end":{}}],"line":62},"9":{"loc":{"start":{"line":70,"column":4},"end":{"line":73,"column":5}},"type":"if","locations":[{"start":{"line":70,"column":4},"end":{"line":73,"column":5}},{"start":{},"end":{}}],"line":70},"10":{"loc":{"start":{"line":85,"column":4},"end":{"line":85,"column":42}},"type":"if","locations":[{"start":{"line":85,"column":4},"end":{"line":85,"column":42}},{"start":{},"end":{}}],"line":85},"11":{"loc":{"start":{"line":91,"column":4},"end":{"line":91,"column":42}},"type":"if","locations":[{"start":{"line":91,"column":4},"end":{"line":91,"column":42}},{"start":{},"end":{}}],"line":91},"12":{"loc":{"start":{"line":119,"column":2},"end":{"line":119,"column":76}},"type":"if","locations":[{"start":{"line":119,"column":2},"end":{"line":119,"column":76}},{"start":{},"end":{}}],"line":119}},"s":{"0":0,"1":0,"2":0,"3":0,"4":0,"5":0,"6":0,"7":0,"8":0,"9":0,"10":0,"11":0,"12":0,"13":0,"14":0,"15":0,"16":0,"17":0,"18":0,"19":0,"20":0,"21":0,"22":0,"23":0,"24":0,"25":0,"26":0,"27":0,"28":0,"29":0,"30":0,"31":0,"32":0,"33":0,"34":0,"35":0,"36":0,"37":0,"38":0,"39":0,"40":0,"41":0,"42":0,"43":0,"44":0,"45":0,"46":0,"47":0,"48":0,"49":0,"50":0,"51":0,"52":0,"53":0,"54":0,"55":0},"f":{"0":0,"1":0,"2":0,"3":0,"4":0,"5":0,"6":0,"7":0,"8":0,"9":0,"10":0,"11":0,"12":0},"b":{"0":[0,0],"1":[0,0],"2":[0,0],"3":[0,0],"4":[0,0],"5":[0,0],"6":[0,0],"7":[0,0],"8":[0,0],"9":[0,0],"10":[0,0],"11":[0,0],"12":[0,0]}}
,"/Users/milito/Projects/card/card-vault/hooks/useCopyWithClear.ts": {"path":"/Users/milito/Projects/card/card-vault/hooks/useCopyWithClear.ts","statementMap":{"0":{"start":{"line":5,"column":23},"end":{"line":5,"column":29}},"1":{"start":{"line":8,"column":26},"end":{"line":8,"column":76}},"2":{"start":{"line":11,"column":4},"end":{"line":11,"column":42}},"3":{"start":{"line":12,"column":4},"end":{"line":12,"column":85}},"4":{"start":{"line":14,"column":4},"end":{"line":16,"column":5}},"5":{"start":{"line":15,"column":6},"end":{"line":15,"column":44}},"6":{"start":{"line":18,"column":4},"end":{"line":21,"column":23}},"7":{"start":{"line":19,"column":6},"end":{"line":19,"column":41}},"8":{"start":{"line":20,"column":6},"end":{"line":20,"column":37}},"9":{"start":{"line":24,"column":2},"end":{"line":24,"column":27}}},"fnMap":{"0":{"name":"useCopyWithClear","decl":{"start":{"line":7,"column":16},"end":{"line":7,"column":32}},"loc":{"start":{"line":7,"column":35},"end":{"line":25,"column":1}},"line":7},"1":{"name":"copyWithClear","decl":{"start":{"line":10,"column":17},"end":{"line":10,"column":30}},"loc":{"start":{"line":10,"column":63},"end":{"line":22,"column":3}},"line":10},"2":{"name":"(anonymous_2)","decl":{"start":{"line":18,"column":41},"end":{"line":18,"column":42}},"loc":{"start":{"line":18,"column":53},"end":{"line":21,"column":5}},"line":18}},"branchMap":{"0":{"loc":{"start":{"line":10,"column":46},"end":{"line":10,"column":61}},"type":"default-arg","locations":[{"start":{"line":10,"column":54},"end":{"line":10,"column":61}}],"line":10},"1":{"loc":{"start":{"line":14,"column":4},"end":{"line":16,"column":5}},"type":"if","locations":[{"start":{"line":14,"column":4},"end":{"line":16,"column":5}},{"start":{},"end":{}}],"line":14}},"s":{"0":0,"1":0,"2":0,"3":0,"4":0,"5":0,"6":0,"7":0,"8":0,"9":0},"f":{"0":0,"1":0,"2":0},"b":{"0":[0],"1":[0,0]}}
,"/Users/milito/Projects/card/card-vault/services/auth.ts": {"path":"/Users/milito/Projects/card/card-vault/services/auth.ts","statementMap":{"0":{"start":{"line":11,"column":47},"end":{"line":11,"column":51}},"1":{"start":{"line":14,"column":2},"end":{"line":14,"column":34}},"2":{"start":{"line":18,"column":2},"end":{"line":18,"column":25}},"3":{"start":{"line":22,"column":2},"end":{"line":22,"column":25}},"4":{"start":{"line":26,"column":2},"end":{"line":26,"column":35}},"5":{"start":{"line":30,"column":2},"end":{"line":30,"column":48}},"6":{"start":{"line":34,"column":2},"end":{"line":34,"column":47}},"7":{"start":{"line":38,"column":36},"end":{"line":41,"column":4}},"8":{"start":{"line":42,"column":2},"end":{"line":42,"column":35}},"9":{"start":{"line":46,"column":15},"end":{"line":46,"column":35}},"10":{"start":{"line":47,"column":2},"end":{"line":47,"column":30}},"11":{"start":{"line":49,"column":17},"end":{"line":49,"column":50}},"12":{"start":{"line":50,"column":18},"end":{"line":50,"column":51}},"13":{"start":{"line":52,"column":21},"end":{"line":52,"column":51}},"14":{"start":{"line":53,"column":2},"end":{"line":53,"column":48}},"15":{"start":{"line":55,"column":21},"end":{"line":55,"column":49}},"16":{"start":{"line":56,"column":2},"end":{"line":60,"column":3}},"17":{"start":{"line":57,"column":4},"end":{"line":57,"column":50}},"18":{"start":{"line":62,"column":2},"end":{"line":62,"column":35}},"19":{"start":{"line":63,"column":2},"end":{"line":63,"column":28}},"20":{"start":{"line":67,"column":15},"end":{"line":67,"column":38}},"21":{"start":{"line":68,"column":2},"end":{"line":68,"column":26}},"22":{"start":{"line":68,"column":13},"end":{"line":68,"column":26}},"23":{"start":{"line":70,"column":17},"end":{"line":70,"column":50}},"24":{"start":{"line":71,"column":21},"end":{"line":71,"column":56}},"25":{"start":{"line":72,"column":2},"end":{"line":72,"column":32}},"26":{"start":{"line":72,"column":19},"end":{"line":72,"column":32}},"27":{"start":{"line":74,"column":2},"end":{"line":80,"column":3}},"28":{"start":{"line":75,"column":20},"end":{"line":75,"column":55}},"29":{"start":{"line":76,"column":4},"end":{"line":76,"column":30}},"30":{"start":{"line":77,"column":4},"end":{"line":77,"column":16}},"31":{"start":{"line":79,"column":4},"end":{"line":79,"column":17}},"32":{"start":{"line":84,"column":17},"end":{"line":87,"column":4}},"33":{"start":{"line":89,"column":2},"end":{"line":89,"column":36}},"34":{"start":{"line":89,"column":23},"end":{"line":89,"column":36}},"35":{"start":{"line":91,"column":2},"end":{"line":99,"column":3}},"36":{"start":{"line":92,"column":23},"end":{"line":92,"column":58}},"37":{"start":{"line":93,"column":4},"end":{"line":93,"column":34}},"38":{"start":{"line":93,"column":21},"end":{"line":93,"column":34}},"39":{"start":{"line":95,"column":4},"end":{"line":95,"column":71}},"40":{"start":{"line":96,"column":4},"end":{"line":96,"column":16}},"41":{"start":{"line":98,"column":4},"end":{"line":98,"column":17}},"42":{"start":{"line":103,"column":2},"end":{"line":103,"column":37}},"43":{"start":{"line":103,"column":24},"end":{"line":103,"column":37}},"44":{"start":{"line":105,"column":15},"end":{"line":105,"column":38}},"45":{"start":{"line":106,"column":2},"end":{"line":106,"column":26}},"46":{"start":{"line":106,"column":13},"end":{"line":106,"column":26}},"47":{"start":{"line":108,"column":24},"end":{"line":108,"column":64}},"48":{"start":{"line":109,"column":21},"end":{"line":109,"column":56}},"49":{"start":{"line":110,"column":2},"end":{"line":110,"column":32}},"50":{"start":{"line":110,"column":19},"end":{"line":110,"column":32}},"51":{"start":{"line":112,"column":2},"end":{"line":130,"column":3}},"52":{"start":{"line":113,"column":20},"end":{"line":113,"column":62}},"53":{"start":{"line":114,"column":20},"end":{"line":114,"column":40}},"54":{"start":{"line":115,"column":4},"end":{"line":115,"column":35}},"55":{"start":{"line":117,"column":22},"end":{"line":117,"column":61}},"56":{"start":{"line":118,"column":26},"end":{"line":118,"column":59}},"57":{"start":{"line":119,"column":4},"end":{"line":119,"column":53}},"58":{"start":{"line":121,"column":23},"end":{"line":121,"column":51}},"59":{"start":{"line":122,"column":4},"end":{"line":126,"column":5}},"60":{"start":{"line":123,"column":6},"end":{"line":123,"column":52}},"61":{"start":{"line":127,"column":4},"end":{"line":127,"column":16}},"62":{"start":{"line":129,"column":4},"end":{"line":129,"column":17}}},"fnMap":{"0":{"name":"isUnlocked","decl":{"start":{"line":13,"column":16},"end":{"line":13,"column":26}},"loc":{"start":{"line":13,"column":38},"end":{"line":15,"column":1}},"line":13},"1":{"name":"getDataKey","decl":{"start":{"line":17,"column":16},"end":{"line":17,"column":26}},"loc":{"start":{"line":17,"column":54},"end":{"line":19,"column":1}},"line":17},"2":{"name":"lock","decl":{"start":{"line":21,"column":16},"end":{"line":21,"column":20}},"loc":{"start":{"line":21,"column":29},"end":{"line":23,"column":1}},"line":21},"3":{"name":"isSetupComplete","decl":{"start":{"line":25,"column":22},"end":{"line":25,"column":37}},"loc":{"start":{"line":25,"column":58},"end":{"line":27,"column":1}},"line":25},"4":{"name":"hasBiometricHardware","decl":{"start":{"line":29,"column":22},"end":{"line":29,"column":42}},"loc":{"start":{"line":29,"column":63},"end":{"line":31,"column":1}},"line":29},"5":{"name":"isBiometricEnrolled","decl":{"start":{"line":33,"column":22},"end":{"line":33,"column":41}},"loc":{"start":{"line":33,"column":62},"end":{"line":35,"column":1}},"line":33},"6":{"name":"canUseBiometric","decl":{"start":{"line":37,"column":22},"end":{"line":37,"column":37}},"loc":{"start":{"line":37,"column":58},"end":{"line":43,"column":1}},"line":37},"7":{"name":"setupPin","decl":{"start":{"line":45,"column":22},"end":{"line":45,"column":30}},"loc":{"start":{"line":45,"column":59},"end":{"line":64,"column":1}},"line":45},"8":{"name":"unlockWithPin","decl":{"start":{"line":66,"column":22},"end":{"line":66,"column":35}},"loc":{"start":{"line":66,"column":67},"end":{"line":81,"column":1}},"line":66},"9":{"name":"unlockWithBiometric","decl":{"start":{"line":83,"column":22},"end":{"line":83,"column":41}},"loc":{"start":{"line":83,"column":62},"end":{"line":100,"column":1}},"line":83},"10":{"name":"changePin","decl":{"start":{"line":102,"column":22},"end":{"line":102,"column":31}},"loc":{"start":{"line":102,"column":86},"end":{"line":131,"column":1}},"line":102}},"branchMap":{"0":{"loc":{"start":{"line":42,"column":9},"end":{"line":42,"column":34}},"type":"binary-expr","locations":[{"start":{"line":42,"column":9},"end":{"line":42,"column":20}},{"start":{"line":42,"column":24},"end":{"line":42,"column":34}}],"line":42},"1":{"loc":{"start":{"line":68,"column":2},"end":{"line":68,"column":26}},"type":"if","locations":[{"start":{"line":68,"column":2},"end":{"line":68,"column":26}},{"start":{},"end":{}}],"line":68},"2":{"loc":{"start":{"line":72,"column":2},"end":{"line":72,"column":32}},"type":"if","locations":[{"start":{"line":72,"column":2},"end":{"line":72,"column":32}},{"start":{},"end":{}}],"line":72},"3":{"loc":{"start":{"line":89,"column":2},"end":{"line":89,"column":36}},"type":"if","locations":[{"start":{"line":89,"column":2},"end":{"line":89,"column":36}},{"start":{},"end":{}}],"line":89},"4":{"loc":{"start":{"line":93,"column":4},"end":{"line":93,"column":34}},"type":"if","locations":[{"start":{"line":93,"column":4},"end":{"line":93,"column":34}},{"start":{},"end":{}}],"line":93},"5":{"loc":{"start":{"line":103,"column":2},"end":{"line":103,"column":37}},"type":"if","locations":[{"start":{"line":103,"column":2},"end":{"line":103,"column":37}},{"start":{},"end":{}}],"line":103},"6":{"loc":{"start":{"line":106,"column":2},"end":{"line":106,"column":26}},"type":"if","locations":[{"start":{"line":106,"column":2},"end":{"line":106,"column":26}},{"start":{},"end":{}}],"line":106},"7":{"loc":{"start":{"line":110,"column":2},"end":{"line":110,"column":32}},"type":"if","locations":[{"start":{"line":110,"column":2},"end":{"line":110,"column":32}},{"start":{},"end":{}}],"line":110}},"s":{"0":1,"1":0,"2":0,"3":0,"4":0,"5":0,"6":0,"7":0,"8":0,"9":0,"10":0,"11":0,"12":0,"13":0,"14":0,"15":0,"16":0,"17":0,"18":0,"19":0,"20":0,"21":0,"22":0,"23":0,"24":0,"25":0,"26":0,"27":0,"28":0,"29":0,"30":0,"31":0,"32":0,"33":0,"34":0,"35":0,"36":0,"37":0,"38":0,"39":0,"40":0,"41":0,"42":0,"43":0,"44":0,"45":0,"46":0,"47":0,"48":0,"49":0,"50":0,"51":0,"52":0,"53":0,"54":0,"55":0,"56":0,"57":0,"58":0,"59":0,"60":0,"61":0,"62":0},"f":{"0":0,"1":0,"2":0,"3":0,"4":0,"5":0,"6":0,"7":0,"8":0,"9":0,"10":0},"b":{"0":[0,0],"1":[0,0],"2":[0,0],"3":[0,0],"4":[0,0],"5":[0,0],"6":[0,0],"7":[0,0]},"_coverageSchema":"1a1c01bbd47fc00a2c39e90264f33305004495a9","hash":"40b1dd4b4cf131bb609c76e170c20fb9bcf6dec0"}
,"/Users/milito/Projects/card/card-vault/services/cards.ts": {"path":"/Users/milito/Projects/card/card-vault/services/cards.ts","statementMap":{"0":{"start":{"line":18,"column":2},"end":{"line":18,"column":68}},"1":{"start":{"line":22,"column":18},"end":{"line":22,"column":30}},"2":{"start":{"line":23,"column":2},"end":{"line":23,"column":26}},"3":{"start":{"line":23,"column":16},"end":{"line":23,"column":26}},"4":{"start":{"line":25,"column":20},"end":{"line":25,"column":53}},"5":{"start":{"line":26,"column":2},"end":{"line":26,"column":28}},"6":{"start":{"line":26,"column":18},"end":{"line":26,"column":28}},"7":{"start":{"line":28,"column":2},"end":{"line":34,"column":3}},"8":{"start":{"line":29,"column":17},"end":{"line":29,"column":54}},"9":{"start":{"line":30,"column":19},"end":{"line":30,"column":45}},"10":{"start":{"line":31,"column":4},"end":{"line":31,"column":63}},"11":{"start":{"line":31,"column":30},"end":{"line":31,"column":60}},"12":{"start":{"line":33,"column":4},"end":{"line":33,"column":14}},"13":{"start":{"line":38,"column":18},"end":{"line":38,"column":30}},"14":{"start":{"line":39,"column":2},"end":{"line":39,"column":48}},"15":{"start":{"line":39,"column":16},"end":{"line":39,"column":48}},"16":{"start":{"line":41,"column":15},"end":{"line":41,"column":36}},"17":{"start":{"line":42,"column":20},"end":{"line":42,"column":52}},"18":{"start":{"line":43,"column":2},"end":{"line":43,"column":45}},"19":{"start":{"line":47,"column":16},"end":{"line":47,"column":32}},"20":{"start":{"line":48,"column":24},"end":{"line":52,"column":3}},"21":{"start":{"line":53,"column":2},"end":{"line":53,"column":22}},"22":{"start":{"line":54,"column":2},"end":{"line":54,"column":25}},"23":{"start":{"line":55,"column":2},"end":{"line":55,"column":17}},"24":{"start":{"line":59,"column":16},"end":{"line":59,"column":32}},"25":{"start":{"line":60,"column":16},"end":{"line":60,"column":51}},"26":{"start":{"line":60,"column":39},"end":{"line":60,"column":50}},"27":{"start":{"line":61,"column":2},"end":{"line":61,"column":32}},"28":{"start":{"line":61,"column":20},"end":{"line":61,"column":32}},"29":{"start":{"line":63,"column":2},"end":{"line":63,"column":49}},"30":{"start":{"line":64,"column":2},"end":{"line":64,"column":25}},"31":{"start":{"line":65,"column":2},"end":{"line":65,"column":22}},"32":{"start":{"line":69,"column":16},"end":{"line":69,"column":32}},"33":{"start":{"line":70,"column":19},"end":{"line":70,"column":51}},"34":{"start":{"line":70,"column":39},"end":{"line":70,"column":50}},"35":{"start":{"line":71,"column":2},"end":{"line":71,"column":53}},"36":{"start":{"line":71,"column":40},"end":{"line":71,"column":53}},"37":{"start":{"line":73,"column":2},"end":{"line":73,"column":28}},"38":{"start":{"line":74,"column":2},"end":{"line":74,"column":14}},"39":{"start":{"line":78,"column":18},"end":{"line":78,"column":43}},"40":{"start":{"line":79,"column":2},"end":{"line":79,"column":40}},"41":{"start":{"line":79,"column":26},"end":{"line":79,"column":40}},"42":{"start":{"line":80,"column":2},"end":{"line":80,"column":47}}},"fnMap":{"0":{"name":"generateId","decl":{"start":{"line":17,"column":9},"end":{"line":17,"column":19}},"loc":{"start":{"line":17,"column":30},"end":{"line":19,"column":1}},"line":17},"1":{"name":"getCards","decl":{"start":{"line":21,"column":22},"end":{"line":21,"column":30}},"loc":{"start":{"line":21,"column":50},"end":{"line":35,"column":1}},"line":21},"2":{"name":"(anonymous_2)","decl":{"start":{"line":31,"column":22},"end":{"line":31,"column":23}},"loc":{"start":{"line":31,"column":30},"end":{"line":31,"column":60}},"line":31},"3":{"name":"saveCards","decl":{"start":{"line":37,"column":15},"end":{"line":37,"column":24}},"loc":{"start":{"line":37,"column":55},"end":{"line":44,"column":1}},"line":37},"4":{"name":"addCard","decl":{"start":{"line":46,"column":22},"end":{"line":46,"column":29}},"loc":{"start":{"line":46,"column":83},"end":{"line":56,"column":1}},"line":46},"5":{"name":"updateCard","decl":{"start":{"line":58,"column":22},"end":{"line":58,"column":32}},"loc":{"start":{"line":58,"column":91},"end":{"line":66,"column":1}},"line":58},"6":{"name":"(anonymous_6)","decl":{"start":{"line":60,"column":32},"end":{"line":60,"column":33}},"loc":{"start":{"line":60,"column":39},"end":{"line":60,"column":50}},"line":60},"7":{"name":"deleteCard","decl":{"start":{"line":68,"column":22},"end":{"line":68,"column":32}},"loc":{"start":{"line":68,"column":63},"end":{"line":75,"column":1}},"line":68},"8":{"name":"(anonymous_8)","decl":{"start":{"line":70,"column":32},"end":{"line":70,"column":33}},"loc":{"start":{"line":70,"column":39},"end":{"line":70,"column":50}},"line":70},"9":{"name":"maskCardNumber","decl":{"start":{"line":77,"column":16},"end":{"line":77,"column":30}},"loc":{"start":{"line":77,"column":55},"end":{"line":81,"column":1}},"line":77}},"branchMap":{"0":{"loc":{"start":{"line":23,"column":2},"end":{"line":23,"column":26}},"type":"if","locations":[{"start":{"line":23,"column":2},"end":{"line":23,"column":26}},{"start":{},"end":{}}],"line":23},"1":{"loc":{"start":{"line":26,"column":2},"end":{"line":26,"column":28}},"type":"if","locations":[{"start":{"line":26,"column":2},"end":{"line":26,"column":28}},{"start":{},"end":{}}],"line":26},"2":{"loc":{"start":{"line":31,"column":45},"end":{"line":31,"column":58}},"type":"binary-expr","locations":[{"start":{"line":31,"column":45},"end":{"line":31,"column":52}},{"start":{"line":31,"column":56},"end":{"line":31,"column":58}}],"line":31},"3":{"loc":{"start":{"line":39,"column":2},"end":{"line":39,"column":48}},"type":"if","locations":[{"start":{"line":39,"column":2},"end":{"line":39,"column":48}},{"start":{},"end":{}}],"line":39},"4":{"loc":{"start":{"line":61,"column":2},"end":{"line":61,"column":32}},"type":"if","locations":[{"start":{"line":61,"column":2},"end":{"line":61,"column":32}},{"start":{},"end":{}}],"line":61},"5":{"loc":{"start":{"line":71,"column":2},"end":{"line":71,"column":53}},"type":"if","locations":[{"start":{"line":71,"column":2},"end":{"line":71,"column":53}},{"start":{},"end":{}}],"line":71},"6":{"loc":{"start":{"line":79,"column":2},"end":{"line":79,"column":40}},"type":"if","locations":[{"start":{"line":79,"column":2},"end":{"line":79,"column":40}},{"start":{},"end":{}}],"line":79}},"s":{"0":0,"1":0,"2":0,"3":0,"4":0,"5":0,"6":0,"7":0,"8":0,"9":0,"10":0,"11":0,"12":0,"13":0,"14":0,"15":0,"16":0,"17":0,"18":0,"19":0,"20":0,"21":0,"22":0,"23":0,"24":0,"25":0,"26":0,"27":0,"28":0,"29":0,"30":0,"31":0,"32":0,"33":0,"34":0,"35":0,"36":0,"37":0,"38":0,"39":4,"40":4,"41":1,"42":3},"f":{"0":0,"1":0,"2":0,"3":0,"4":0,"5":0,"6":0,"7":0,"8":0,"9":4},"b":{"0":[0,0],"1":[0,0],"2":[0,0],"3":[0,0],"4":[0,0],"5":[0,0],"6":[1,3]},"_coverageSchema":"1a1c01bbd47fc00a2c39e90264f33305004495a9","hash":"3b1df1f2141a538b75baf63009e4525eab814cb4"}
,"/Users/milito/Projects/card/card-vault/services/encryption.ts": {"path":"/Users/milito/Projects/card/card-vault/services/encryption.ts","statementMap":{"0":{"start":{"line":13,"column":14},"end":{"line":13,"column":35}},"1":{"start":{"line":16,"column":25},"end":{"line":19,"column":3}},"2":{"start":{"line":17,"column":2},"end":{"line":19,"column":3}},"3":{"start":{"line":18,"column":4},"end":{"line":18,"column":42}},"4":{"start":{"line":21,"column":23},"end":{"line":24,"column":3}},"5":{"start":{"line":22,"column":2},"end":{"line":24,"column":3}},"6":{"start":{"line":23,"column":4},"end":{"line":23,"column":55}},"7":{"start":{"line":26,"column":17},"end":{"line":27,"column":58}},"8":{"start":{"line":27,"column":2},"end":{"line":27,"column":58}},"9":{"start":{"line":28,"column":19},"end":{"line":29,"column":56}},"10":{"start":{"line":29,"column":2},"end":{"line":29,"column":56}},"11":{"start":{"line":31,"column":26},"end":{"line":31,"column":33}},"12":{"start":{"line":32,"column":19},"end":{"line":32,"column":21}},"13":{"start":{"line":33,"column":20},"end":{"line":33,"column":22}},"14":{"start":{"line":42,"column":15},"end":{"line":44,"column":3}},"15":{"start":{"line":43,"column":44},"end":{"line":43,"column":62}},"16":{"start":{"line":45,"column":19},"end":{"line":45,"column":48}},"17":{"start":{"line":46,"column":2},"end":{"line":49,"column":5}},"18":{"start":{"line":56,"column":16},"end":{"line":56,"column":54}},"19":{"start":{"line":57,"column":2},"end":{"line":59,"column":14}},"20":{"start":{"line":58,"column":16},"end":{"line":58,"column":47}},"21":{"start":{"line":69,"column":26},"end":{"line":69,"column":45}},"22":{"start":{"line":70,"column":21},"end":{"line":70,"column":64}},"23":{"start":{"line":71,"column":19},"end":{"line":71,"column":54}},"24":{"start":{"line":72,"column":2},"end":{"line":72,"column":18}},"25":{"start":{"line":82,"column":21},"end":{"line":82,"column":65}},"26":{"start":{"line":83,"column":26},"end":{"line":85,"column":4}},"27":{"start":{"line":86,"column":2},"end":{"line":86,"column":37}},"28":{"start":{"line":89,"column":18},"end":{"line":89,"column":20}},"29":{"start":{"line":90,"column":23},"end":{"line":90,"column":25}},"30":{"start":{"line":94,"column":15},"end":{"line":94,"column":17}},"31":{"start":{"line":95,"column":2},"end":{"line":97,"column":3}},"32":{"start":{"line":95,"column":15},"end":{"line":95,"column":16}},"33":{"start":{"line":96,"column":4},"end":{"line":96,"column":44}},"34":{"start":{"line":98,"column":2},"end":{"line":98,"column":22}},"35":{"start":{"line":101,"column":17},"end":{"line":101,"column":26}},"36":{"start":{"line":102,"column":16},"end":{"line":102,"column":45}},"37":{"start":{"line":103,"column":2},"end":{"line":105,"column":3}},"38":{"start":{"line":103,"column":15},"end":{"line":103,"column":16}},"39":{"start":{"line":104,"column":4},"end":{"line":104,"column":36}},"40":{"start":{"line":106,"column":2},"end":{"line":106,"column":15}},"41":{"start":{"line":116,"column":14},"end":{"line":122,"column":3}},"42":{"start":{"line":123,"column":20},"end":{"line":123,"column":36}},"43":{"start":{"line":124,"column":13},"end":{"line":124,"column":62}},"44":{"start":{"line":125,"column":28},"end":{"line":129,"column":3}},"45":{"start":{"line":130,"column":19},"end":{"line":130,"column":75}},"46":{"start":{"line":131,"column":2},"end":{"line":131,"column":19}},"47":{"start":{"line":132,"column":2},"end":{"line":132,"column":61}},"48":{"start":{"line":133,"column":2},"end":{"line":133,"column":33}},"49":{"start":{"line":143,"column":14},"end":{"line":149,"column":3}},"50":{"start":{"line":150,"column":19},"end":{"line":150,"column":47}},"51":{"start":{"line":151,"column":13},"end":{"line":151,"column":41}},"52":{"start":{"line":152,"column":28},"end":{"line":152,"column":53}},"53":{"start":{"line":153,"column":26},"end":{"line":157,"column":3}},"54":{"start":{"line":158,"column":20},"end":{"line":158,"column":61}},"55":{"start":{"line":159,"column":2},"end":{"line":159,"column":31}},"56":{"start":{"line":167,"column":14},"end":{"line":169,"column":13}},"57":{"start":{"line":168,"column":16},"end":{"line":168,"column":47}},"58":{"start":{"line":170,"column":2},"end":{"line":170,"column":45}},"59":{"start":{"line":180,"column":17},"end":{"line":180,"column":45}},"60":{"start":{"line":181,"column":2},"end":{"line":183,"column":3}},"61":{"start":{"line":182,"column":4},"end":{"line":182,"column":43}},"62":{"start":{"line":184,"column":14},"end":{"line":184,"column":46}},"63":{"start":{"line":185,"column":2},"end":{"line":185,"column":34}},"64":{"start":{"line":195,"column":2},"end":{"line":198,"column":3}},"65":{"start":{"line":196,"column":19},"end":{"line":196,"column":69}},"66":{"start":{"line":197,"column":4},"end":{"line":197,"column":50}},"67":{"start":{"line":199,"column":14},"end":{"line":199,"column":46}},"68":{"start":{"line":200,"column":17},"end":{"line":200,"column":58}},"69":{"start":{"line":201,"column":2},"end":{"line":201,"column":48}}},"fnMap":{"0":{"name":"(anonymous_0)","decl":{"start":{"line":16,"column":25},"end":{"line":16,"column":26}},"loc":{"start":{"line":17,"column":2},"end":{"line":19,"column":3}},"line":17},"1":{"name":"(anonymous_1)","decl":{"start":{"line":17,"column":36},"end":{"line":17,"column":37}},"loc":{"start":{"line":18,"column":4},"end":{"line":18,"column":42}},"line":18},"2":{"name":"(anonymous_2)","decl":{"start":{"line":21,"column":23},"end":{"line":21,"column":24}},"loc":{"start":{"line":22,"column":2},"end":{"line":24,"column":3}},"line":22},"3":{"name":"(anonymous_3)","decl":{"start":{"line":22,"column":20},"end":{"line":22,"column":21}},"loc":{"start":{"line":23,"column":4},"end":{"line":23,"column":55}},"line":23},"4":{"name":"(anonymous_4)","decl":{"start":{"line":26,"column":17},"end":{"line":26,"column":18}},"loc":{"start":{"line":27,"column":2},"end":{"line":27,"column":58}},"line":27},"5":{"name":"(anonymous_5)","decl":{"start":{"line":28,"column":19},"end":{"line":28,"column":20}},"loc":{"start":{"line":29,"column":2},"end":{"line":29,"column":56}},"line":29},"6":{"name":"deriveKeyFromPin","decl":{"start":{"line":38,"column":22},"end":{"line":38,"column":38}},"loc":{"start":{"line":41,"column":23},"end":{"line":50,"column":1}},"line":41},"7":{"name":"(anonymous_7)","decl":{"start":{"line":43,"column":34},"end":{"line":43,"column":35}},"loc":{"start":{"line":43,"column":44},"end":{"line":43,"column":62}},"line":43},"8":{"name":"generateSalt","decl":{"start":{"line":55,"column":22},"end":{"line":55,"column":34}},"loc":{"start":{"line":55,"column":54},"end":{"line":60,"column":1}},"line":55},"9":{"name":"(anonymous_9)","decl":{"start":{"line":58,"column":9},"end":{"line":58,"column":10}},"loc":{"start":{"line":58,"column":16},"end":{"line":58,"column":47}},"line":58},"10":{"name":"encryptData","decl":{"start":{"line":65,"column":22},"end":{"line":65,"column":33}},"loc":{"start":{"line":68,"column":19},"end":{"line":73,"column":1}},"line":68},"11":{"name":"decryptData","decl":{"start":{"line":78,"column":22},"end":{"line":78,"column":33}},"loc":{"start":{"line":81,"column":19},"end":{"line":87,"column":1}},"line":81},"12":{"name":"bytesToBase64","decl":{"start":{"line":93,"column":9},"end":{"line":93,"column":22}},"loc":{"start":{"line":93,"column":50},"end":{"line":99,"column":1}},"line":93},"13":{"name":"base64ToBytes","decl":{"start":{"line":100,"column":9},"end":{"line":100,"column":22}},"loc":{"start":{"line":100,"column":48},"end":{"line":107,"column":1}},"line":100},"14":{"name":"wrapKeyWeb","decl":{"start":{"line":112,"column":15},"end":{"line":112,"column":25}},"loc":{"start":{"line":115,"column":19},"end":{"line":134,"column":1}},"line":115},"15":{"name":"unwrapKeyWeb","decl":{"start":{"line":139,"column":15},"end":{"line":139,"column":27}},"loc":{"start":{"line":142,"column":19},"end":{"line":160,"column":1}},"line":142},"16":{"name":"bytesToAESKey","decl":{"start":{"line":166,"column":15},"end":{"line":166,"column":28}},"loc":{"start":{"line":166,"column":75},"end":{"line":171,"column":1}},"line":166},"17":{"name":"(anonymous_17)","decl":{"start":{"line":168,"column":9},"end":{"line":168,"column":10}},"loc":{"start":{"line":168,"column":16},"end":{"line":168,"column":47}},"line":168},"18":{"name":"wrapKey","decl":{"start":{"line":176,"column":22},"end":{"line":176,"column":29}},"loc":{"start":{"line":179,"column":19},"end":{"line":186,"column":1}},"line":179},"19":{"name":"unwrapKey","decl":{"start":{"line":191,"column":22},"end":{"line":191,"column":31}},"loc":{"start":{"line":194,"column":29},"end":{"line":202,"column":1}},"line":194}},"branchMap":{"0":{"loc":{"start":{"line":181,"column":2},"end":{"line":183,"column":3}},"type":"if","locations":[{"start":{"line":181,"column":2},"end":{"line":183,"column":3}},{"start":{},"end":{}}],"line":181},"1":{"loc":{"start":{"line":195,"column":2},"end":{"line":198,"column":3}},"type":"if","locations":[{"start":{"line":195,"column":2},"end":{"line":198,"column":3}},{"start":{},"end":{}}],"line":195}},"s":{"0":2,"1":2,"2":0,"3":0,"4":2,"5":0,"6":0,"7":2,"8":0,"9":2,"10":0,"11":2,"12":2,"13":2,"14":7,"15":224,"16":7,"17":7,"18":2,"19":2,"20":64,"21":0,"22":0,"23":0,"24":0,"25":0,"26":0,"27":0,"28":2,"29":2,"30":0,"31":0,"32":0,"33":0,"34":0,"35":0,"36":0,"37":0,"38":0,"39":0,"40":0,"41":0,"42":0,"43":0,"44":0,"45":0,"46":0,"47":0,"48":0,"49":0,"50":0,"51":0,"52":0,"53":0,"54":0,"55":0,"56":0,"57":0,"58":0,"59":0,"60":0,"61":0,"62":0,"63":0,"64":0,"65":0,"66":0,"67":0,"68":0,"69":0},"f":{"0":0,"1":0,"2":0,"3":0,"4":0,"5":0,"6":7,"7":224,"8":2,"9":64,"10":0,"11":0,"12":0,"13":0,"14":0,"15":0,"16":0,"17":0,"18":0,"19":0},"b":{"0":[0,0],"1":[0,0]},"_coverageSchema":"1a1c01bbd47fc00a2c39e90264f33305004495a9","hash":"ae7662eca3e9e57622d7909e92f894d6c69d95bf"}
,"/Users/milito/Projects/card/card-vault/services/storage.ts": {"path":"/Users/milito/Projects/card/card-vault/services/storage.ts","statementMap":{"0":{"start":{"line":5,"column":13},"end":{"line":12,"column":10}},"1":{"start":{"line":14,"column":33},"end":{"line":19,"column":10}},"2":{"start":{"line":21,"column":15},"end":{"line":21,"column":27}},"3":{"start":{"line":24,"column":14},"end":{"line":24,"column":35}},"4":{"start":{"line":27,"column":2},"end":{"line":29,"column":3}},"5":{"start":{"line":28,"column":4},"end":{"line":28,"column":46}},"6":{"start":{"line":30,"column":2},"end":{"line":32,"column":3}},"7":{"start":{"line":31,"column":4},"end":{"line":31,"column":63}},"8":{"start":{"line":33,"column":2},"end":{"line":33,"column":39}},"9":{"start":{"line":37,"column":2},"end":{"line":40,"column":3}},"10":{"start":{"line":38,"column":4},"end":{"line":38,"column":52}},"11":{"start":{"line":39,"column":4},"end":{"line":39,"column":11}},"12":{"start":{"line":41,"column":2},"end":{"line":44,"column":3}},"13":{"start":{"line":42,"column":4},"end":{"line":42,"column":69}},"14":{"start":{"line":43,"column":4},"end":{"line":43,"column":11}},"15":{"start":{"line":45,"column":2},"end":{"line":45,"column":45}},"16":{"start":{"line":49,"column":2},"end":{"line":52,"column":3}},"17":{"start":{"line":50,"column":4},"end":{"line":50,"column":48}},"18":{"start":{"line":51,"column":4},"end":{"line":51,"column":11}},"19":{"start":{"line":53,"column":2},"end":{"line":53,"column":41}},"20":{"start":{"line":57,"column":16},"end":{"line":57,"column":50}},"21":{"start":{"line":58,"column":2},"end":{"line":58,"column":26}},"22":{"start":{"line":62,"column":2},"end":{"line":62,"column":45}},"23":{"start":{"line":66,"column":2},"end":{"line":66,"column":28}},"24":{"start":{"line":70,"column":2},"end":{"line":70,"column":33}},"25":{"start":{"line":74,"column":2},"end":{"line":74,"column":42}},"26":{"start":{"line":78,"column":2},"end":{"line":78,"column":48}},"27":{"start":{"line":82,"column":2},"end":{"line":82,"column":53}},"28":{"start":{"line":82,"column":13},"end":{"line":82,"column":53}},"29":{"start":{"line":83,"column":2},"end":{"line":86,"column":5}},"30":{"start":{"line":90,"column":2},"end":{"line":93,"column":3}},"31":{"start":{"line":91,"column":4},"end":{"line":91,"column":50}},"32":{"start":{"line":92,"column":4},"end":{"line":92,"column":11}},"33":{"start":{"line":94,"column":2},"end":{"line":101,"column":3}},"34":{"start":{"line":95,"column":4},"end":{"line":98,"column":7}},"35":{"start":{"line":105,"column":2},"end":{"line":105,"column":39}},"36":{"start":{"line":109,"column":2},"end":{"line":109,"column":45}},"37":{"start":{"line":113,"column":2},"end":{"line":113,"column":44}},"38":{"start":{"line":117,"column":16},"end":{"line":117,"column":53}},"39":{"start":{"line":118,"column":2},"end":{"line":118,"column":24}},"40":{"start":{"line":118,"column":14},"end":{"line":118,"column":24}},"41":{"start":{"line":119,"column":12},"end":{"line":119,"column":31}},"42":{"start":{"line":120,"column":2},"end":{"line":120,"column":27}},"43":{"start":{"line":124,"column":2},"end":{"line":124,"column":57}}},"fnMap":{"0":{"name":"getItem","decl":{"start":{"line":26,"column":15},"end":{"line":26,"column":22}},"loc":{"start":{"line":26,"column":84},"end":{"line":34,"column":1}},"line":26},"1":{"name":"setItem","decl":{"start":{"line":36,"column":15},"end":{"line":36,"column":22}},"loc":{"start":{"line":36,"column":90},"end":{"line":46,"column":1}},"line":36},"2":{"name":"deleteItem","decl":{"start":{"line":48,"column":15},"end":{"line":48,"column":25}},"loc":{"start":{"line":48,"column":54},"end":{"line":54,"column":1}},"line":48},"3":{"name":"isSetupComplete","decl":{"start":{"line":56,"column":22},"end":{"line":56,"column":37}},"loc":{"start":{"line":56,"column":58},"end":{"line":59,"column":1}},"line":56},"4":{"name":"setSetupComplete","decl":{"start":{"line":61,"column":22},"end":{"line":61,"column":38}},"loc":{"start":{"line":61,"column":56},"end":{"line":63,"column":1}},"line":61},"5":{"name":"getSalt","decl":{"start":{"line":65,"column":22},"end":{"line":65,"column":29}},"loc":{"start":{"line":65,"column":56},"end":{"line":67,"column":1}},"line":65},"6":{"name":"setSalt","decl":{"start":{"line":69,"column":22},"end":{"line":69,"column":29}},"loc":{"start":{"line":69,"column":59},"end":{"line":71,"column":1}},"line":69},"7":{"name":"getDataKeyEncrypted","decl":{"start":{"line":73,"column":22},"end":{"line":73,"column":41}},"loc":{"start":{"line":73,"column":68},"end":{"line":75,"column":1}},"line":73},"8":{"name":"setDataKeyEncrypted","decl":{"start":{"line":77,"column":22},"end":{"line":77,"column":41}},"loc":{"start":{"line":77,"column":72},"end":{"line":79,"column":1}},"line":77},"9":{"name":"getDataKeyBiometric","decl":{"start":{"line":81,"column":22},"end":{"line":81,"column":41}},"loc":{"start":{"line":81,"column":68},"end":{"line":87,"column":1}},"line":81},"10":{"name":"setDataKeyBiometric","decl":{"start":{"line":89,"column":22},"end":{"line":89,"column":41}},"loc":{"start":{"line":89,"column":72},"end":{"line":102,"column":1}},"line":89},"11":{"name":"getCardsEncrypted","decl":{"start":{"line":104,"column":22},"end":{"line":104,"column":39}},"loc":{"start":{"line":104,"column":66},"end":{"line":106,"column":1}},"line":104},"12":{"name":"setCardsEncrypted","decl":{"start":{"line":108,"column":22},"end":{"line":108,"column":39}},"loc":{"start":{"line":108,"column":70},"end":{"line":110,"column":1}},"line":108},"13":{"name":"clearDataKeyBiometric","decl":{"start":{"line":112,"column":22},"end":{"line":112,"column":43}},"loc":{"start":{"line":112,"column":61},"end":{"line":114,"column":1}},"line":112},"14":{"name":"getAutoLockTimeout","decl":{"start":{"line":116,"column":22},"end":{"line":116,"column":40}},"loc":{"start":{"line":116,"column":60},"end":{"line":121,"column":1}},"line":116},"15":{"name":"setAutoLockTimeout","decl":{"start":{"line":123,"column":22},"end":{"line":123,"column":40}},"loc":{"start":{"line":123,"column":73},"end":{"line":125,"column":1}},"line":123}},"branchMap":{"0":{"loc":{"start":{"line":27,"column":2},"end":{"line":29,"column":3}},"type":"if","locations":[{"start":{"line":27,"column":2},"end":{"line":29,"column":3}},{"start":{},"end":{}}],"line":27},"1":{"loc":{"start":{"line":30,"column":2},"end":{"line":32,"column":3}},"type":"if","locations":[{"start":{"line":30,"column":2},"end":{"line":32,"column":3}},{"start":{},"end":{}}],"line":30},"2":{"loc":{"start":{"line":30,"column":6},"end":{"line":30,"column":63}},"type":"binary-expr","locations":[{"start":{"line":30,"column":6},"end":{"line":30,"column":19}},{"start":{"line":30,"column":23},"end":{"line":30,"column":63}}],"line":30},"3":{"loc":{"start":{"line":37,"column":2},"end":{"line":40,"column":3}},"type":"if","locations":[{"start":{"line":37,"column":2},"end":{"line":40,"column":3}},{"start":{},"end":{}}],"line":37},"4":{"loc":{"start":{"line":41,"column":2},"end":{"line":44,"column":3}},"type":"if","locations":[{"start":{"line":41,"column":2},"end":{"line":44,"column":3}},{"start":{},"end":{}}],"line":41},"5":{"loc":{"start":{"line":41,"column":6},"end":{"line":41,"column":63}},"type":"binary-expr","locations":[{"start":{"line":41,"column":6},"end":{"line":41,"column":19}},{"start":{"line":41,"column":23},"end":{"line":41,"column":63}}],"line":41},"6":{"loc":{"start":{"line":49,"column":2},"end":{"line":52,"column":3}},"type":"if","locations":[{"start":{"line":49,"column":2},"end":{"line":52,"column":3}},{"start":{},"end":{}}],"line":49},"7":{"loc":{"start":{"line":82,"column":2},"end":{"line":82,"column":53}},"type":"if","locations":[{"start":{"line":82,"column":2},"end":{"line":82,"column":53}},{"start":{},"end":{}}],"line":82},"8":{"loc":{"start":{"line":90,"column":2},"end":{"line":93,"column":3}},"type":"if","locations":[{"start":{"line":90,"column":2},"end":{"line":93,"column":3}},{"start":{},"end":{}}],"line":90},"9":{"loc":{"start":{"line":118,"column":2},"end":{"line":118,"column":24}},"type":"if","locations":[{"start":{"line":118,"column":2},"end":{"line":118,"column":24}},{"start":{},"end":{}}],"line":118},"10":{"loc":{"start":{"line":120,"column":9},"end":{"line":120,"column":26}},"type":"cond-expr","locations":[{"start":{"line":120,"column":20},"end":{"line":120,"column":22}},{"start":{"line":120,"column":25},"end":{"line":120,"column":26}}],"line":120}},"s":{"0":1,"1":1,"2":1,"3":1,"4":0,"5":0,"6":0,"7":0,"8":0,"9":0,"10":0,"11":0,"12":0,"13":0,"14":0,"15":0,"16":0,"17":0,"18":0,"19":0,"20":0,"21":0,"22":0,"23":0,"24":0,"25":0,"26":0,"27":0,"28":0,"29":0,"30":0,"31":0,"32":0,"33":0,"34":0,"35":0,"36":0,"37":0,"38":0,"39":0,"40":0,"41":0,"42":0,"43":0},"f":{"0":0,"1":0,"2":0,"3":0,"4":0,"5":0,"6":0,"7":0,"8":0,"9":0,"10":0,"11":0,"12":0,"13":0,"14":0,"15":0},"b":{"0":[0,0],"1":[0,0],"2":[0,0],"3":[0,0],"4":[0,0],"5":[0,0],"6":[0,0],"7":[0,0],"8":[0,0],"9":[0,0],"10":[0,0]},"_coverageSchema":"1a1c01bbd47fc00a2c39e90264f33305004495a9","hash":"5d7904c3b8035c2de1acf2987191d0ae5dbc1c96"}
}
