TN:
SF:components/CardForm.tsx
FN:19,formatCardNumber
FN:25,formatExpDate
FN:33,CardForm
FN:49,handleSave
FN:112,(anonymous_4)
FN:127,(anonymous_5)
FN:141,(anonymous_6)
FNF:7
FNH:0
FNDA:0,formatCardNumber
FNDA:0,formatExpDate
FNDA:0,CardForm
FNDA:0,handleSave
FNDA:0,(anonymous_4)
FNDA:0,(anonymous_5)
FNDA:0,(anonymous_6)
DA:20,0
DA:21,0
DA:22,0
DA:26,0
DA:27,0
DA:28,0
DA:30,0
DA:38,0
DA:39,0
DA:42,0
DA:43,0
DA:44,0
DA:45,0
DA:46,0
DA:47,0
DA:50,0
DA:51,0
DA:52,0
DA:53,0
DA:55,0
DA:56,0
DA:57,0
DA:58,0
DA:60,0
DA:61,0
DA:62,0
DA:64,0
DA:65,0
DA:66,0
DA:69,0
DA:70,0
DA:71,0
DA:80,0
DA:82,0
DA:86,0
DA:112,0
DA:127,0
DA:141,0
LF:38
LH:0
BRDA:21,0,0,0
BRDA:21,0,1,0
BRDA:27,1,0,0
BRDA:27,1,1,0
BRDA:36,2,0,0
BRDA:38,3,0,0
BRDA:38,3,1,0
BRDA:40,4,0,0
BRDA:40,4,1,0
BRDA:42,5,0,0
BRDA:42,5,1,0
BRDA:43,6,0,0
BRDA:43,6,1,0
BRDA:44,7,0,0
BRDA:44,7,1,0
BRDA:45,8,0,0
BRDA:45,8,1,0
BRDA:51,9,0,0
BRDA:51,9,1,0
BRDA:56,10,0,0
BRDA:56,10,1,0
BRDA:60,11,0,0
BRDA:60,11,1,0
BRDA:64,12,0,0
BRDA:64,12,1,0
BRDA:88,13,0,0
BRDA:88,13,1,0
BRDA:173,14,0,0
BRDA:173,14,1,0
BRDA:183,15,0,0
BRDA:183,15,1,0
BRF:31
BRH:0
end_of_record
TN:
SF:components/EditScreenInfo.tsx
FN:10,EditScreenInfo
FNF:1
FNH:0
FNDA:0,EditScreenInfo
DA:11,0
DA:49,0
LF:2
LH:0
BRF:0
BRH:0
end_of_record
TN:
SF:components/ExternalLink.tsx
FN:6,ExternalLink
FN:14,(anonymous_1)
FNF:2
FNH:0
FNDA:0,ExternalLink
FNDA:0,(anonymous_1)
DA:9,0
DA:15,0
DA:17,0
DA:19,0
LF:4
LH:0
BRDA:15,0,0,0
BRDA:15,0,1,0
BRF:2
BRH:0
end_of_record
TN:
SF:components/StyledText.tsx
FN:3,MonoText
FNF:1
FNH:0
FNDA:0,MonoText
DA:4,0
LF:1
LH:0
BRF:0
BRH:0
end_of_record
TN:
SF:components/Themed.tsx
FN:19,useThemeColor
FN:33,Text
FN:40,View
FNF:3
FNH:0
FNDA:0,useThemeColor
FNDA:0,Text
FNDA:0,View
DA:23,0
DA:24,0
DA:26,0
DA:27,0
DA:29,0
DA:34,0
DA:35,0
DA:37,0
DA:41,0
DA:42,0
DA:44,0
LF:11
LH:0
BRDA:26,0,0,0
BRDA:26,0,1,0
BRF:2
BRH:0
end_of_record
TN:
SF:contexts/AuthContext.tsx
FN:20,AuthProvider
FN:24,(anonymous_1)
FN:30,(anonymous_2)
FN:33,(anonymous_3)
FN:38,(anonymous_4)
FN:52,(anonymous_5)
FN:54,(anonymous_6)
FN:60,checkAuth
FN:78,setupPin
FN:83,unlockWithPin
FN:89,unlockWithBiometric
FN:95,lock
FN:117,useAuth
FNF:13
FNH:0
FNDA:0,AuthProvider
FNDA:0,(anonymous_1)
FNDA:0,(anonymous_2)
FNDA:0,(anonymous_3)
FNDA:0,(anonymous_4)
FNDA:0,(anonymous_5)
FNDA:0,(anonymous_6)
FNDA:0,checkAuth
FNDA:0,setupPin
FNDA:0,unlockWithPin
FNDA:0,unlockWithBiometric
FNDA:0,lock
FNDA:0,useAuth
DA:18,0
DA:21,0
DA:22,0
DA:24,0
DA:25,0
DA:28,0
DA:30,0
DA:31,0
DA:33,0
DA:34,0
DA:35,0
DA:36,0
DA:37,0
DA:38,0
DA:39,0
DA:40,0
DA:41,0
DA:44,0
DA:45,0
DA:46,0
DA:47,0
DA:52,0
DA:54,0
DA:55,0
DA:56,0
DA:61,0
DA:62,0
DA:63,0
DA:64,0
DA:67,0
DA:68,0
DA:70,0
DA:71,0
DA:72,0
DA:75,0
DA:79,0
DA:80,0
DA:84,0
DA:85,0
DA:86,0
DA:90,0
DA:91,0
DA:92,0
DA:96,0
DA:97,0
DA:100,0
DA:118,0
DA:119,0
DA:120,0
LF:49
LH:0
BRDA:31,0,0,0
BRDA:31,0,1,0
BRDA:34,1,0,0
BRDA:34,1,1,0
BRDA:34,2,0,0
BRDA:34,2,1,0
BRDA:36,3,0,0
BRDA:36,3,1,0
BRDA:37,4,0,0
BRDA:37,4,1,0
BRDA:44,5,0,0
BRDA:44,5,1,0
BRDA:45,6,0,0
BRDA:45,6,1,0
BRDA:56,7,0,0
BRDA:56,7,1,0
BRDA:62,8,0,0
BRDA:62,8,1,0
BRDA:70,9,0,0
BRDA:70,9,1,0
BRDA:85,10,0,0
BRDA:85,10,1,0
BRDA:91,11,0,0
BRDA:91,11,1,0
BRDA:119,12,0,0
BRDA:119,12,1,0
BRF:26
BRH:0
end_of_record
TN:
SF:hooks/useCopyWithClear.ts
FN:7,useCopyWithClear
FN:10,copyWithClear
FN:18,(anonymous_2)
FNF:3
FNH:0
FNDA:0,useCopyWithClear
FNDA:0,copyWithClear
FNDA:0,(anonymous_2)
DA:5,0
DA:8,0
DA:11,0
DA:12,0
DA:14,0
DA:15,0
DA:18,0
DA:19,0
DA:20,0
DA:24,0
LF:10
LH:0
BRDA:10,0,0,0
BRDA:14,1,0,0
BRDA:14,1,1,0
BRF:3
BRH:0
end_of_record
TN:
SF:services/auth.ts
FN:13,isUnlocked
FN:17,getDataKey
FN:21,lock
FN:25,isSetupComplete
FN:29,hasBiometricHardware
FN:33,isBiometricEnrolled
FN:37,canUseBiometric
FN:45,setupPin
FN:66,unlockWithPin
FN:83,unlockWithBiometric
FN:102,changePin
FNF:11
FNH:0
FNDA:0,isUnlocked
FNDA:0,getDataKey
FNDA:0,lock
FNDA:0,isSetupComplete
FNDA:0,hasBiometricHardware
FNDA:0,isBiometricEnrolled
FNDA:0,canUseBiometric
FNDA:0,setupPin
FNDA:0,unlockWithPin
FNDA:0,unlockWithBiometric
FNDA:0,changePin
DA:11,1
DA:14,0
DA:18,0
DA:22,0
DA:26,0
DA:30,0
DA:34,0
DA:38,0
DA:42,0
DA:46,0
DA:47,0
DA:49,0
DA:50,0
DA:52,0
DA:53,0
DA:55,0
DA:56,0
DA:57,0
DA:62,0
DA:63,0
DA:67,0
DA:68,0
DA:70,0
DA:71,0
DA:72,0
DA:74,0
DA:75,0
DA:76,0
DA:77,0
DA:79,0
DA:84,0
DA:89,0
DA:91,0
DA:92,0
DA:93,0
DA:95,0
DA:96,0
DA:98,0
DA:103,0
DA:105,0
DA:106,0
DA:108,0
DA:109,0
DA:110,0
DA:112,0
DA:113,0
DA:114,0
DA:115,0
DA:117,0
DA:118,0
DA:119,0
DA:121,0
DA:122,0
DA:123,0
DA:127,0
DA:129,0
LF:56
LH:1
BRDA:42,0,0,0
BRDA:42,0,1,0
BRDA:68,1,0,0
BRDA:68,1,1,0
BRDA:72,2,0,0
BRDA:72,2,1,0
BRDA:89,3,0,0
BRDA:89,3,1,0
BRDA:93,4,0,0
BRDA:93,4,1,0
BRDA:103,5,0,0
BRDA:103,5,1,0
BRDA:106,6,0,0
BRDA:106,6,1,0
BRDA:110,7,0,0
BRDA:110,7,1,0
BRF:16
BRH:0
end_of_record
TN:
SF:services/cards.ts
FN:17,generateId
FN:21,getCards
FN:31,(anonymous_2)
FN:37,saveCards
FN:46,addCard
FN:58,updateCard
FN:60,(anonymous_6)
FN:68,deleteCard
FN:70,(anonymous_8)
FN:77,maskCardNumber
FNF:10
FNH:1
FNDA:0,generateId
FNDA:0,getCards
FNDA:0,(anonymous_2)
FNDA:0,saveCards
FNDA:0,addCard
FNDA:0,updateCard
FNDA:0,(anonymous_6)
FNDA:0,deleteCard
FNDA:0,(anonymous_8)
FNDA:4,maskCardNumber
DA:18,0
DA:22,0
DA:23,0
DA:25,0
DA:26,0
DA:28,0
DA:29,0
DA:30,0
DA:31,0
DA:33,0
DA:38,0
DA:39,0
DA:41,0
DA:42,0
DA:43,0
DA:47,0
DA:48,0
DA:53,0
DA:54,0
DA:55,0
DA:59,0
DA:60,0
DA:61,0
DA:63,0
DA:64,0
DA:65,0
DA:69,0
DA:70,0
DA:71,0
DA:73,0
DA:74,0
DA:78,4
DA:79,4
DA:80,3
LF:34
LH:3
BRDA:23,0,0,0
BRDA:23,0,1,0
BRDA:26,1,0,0
BRDA:26,1,1,0
BRDA:31,2,0,0
BRDA:31,2,1,0
BRDA:39,3,0,0
BRDA:39,3,1,0
BRDA:61,4,0,0
BRDA:61,4,1,0
BRDA:71,5,0,0
BRDA:71,5,1,0
BRDA:79,6,0,1
BRDA:79,6,1,3
BRF:14
BRH:2
end_of_record
TN:
SF:services/encryption.ts
FN:16,(anonymous_0)
FN:17,(anonymous_1)
FN:21,(anonymous_2)
FN:22,(anonymous_3)
FN:26,(anonymous_4)
FN:28,(anonymous_5)
FN:38,deriveKeyFromPin
FN:43,(anonymous_7)
FN:55,generateSalt
FN:58,(anonymous_9)
FN:65,encryptData
FN:78,decryptData
FN:93,bytesToBase64
FN:100,base64ToBytes
FN:112,wrapKeyWeb
FN:139,unwrapKeyWeb
FN:166,bytesToAESKey
FN:168,(anonymous_17)
FN:176,wrapKey
FN:191,unwrapKey
FNF:20
FNH:4
FNDA:0,(anonymous_0)
FNDA:0,(anonymous_1)
FNDA:0,(anonymous_2)
FNDA:0,(anonymous_3)
FNDA:0,(anonymous_4)
FNDA:0,(anonymous_5)
FNDA:7,deriveKeyFromPin
FNDA:224,(anonymous_7)
FNDA:2,generateSalt
FNDA:64,(anonymous_9)
FNDA:0,encryptData
FNDA:0,decryptData
FNDA:0,bytesToBase64
FNDA:0,base64ToBytes
FNDA:0,wrapKeyWeb
FNDA:0,unwrapKeyWeb
FNDA:0,bytesToAESKey
FNDA:0,(anonymous_17)
FNDA:0,wrapKey
FNDA:0,unwrapKey
DA:13,2
DA:16,2
DA:17,0
DA:18,0
DA:21,2
DA:22,0
DA:23,0
DA:26,2
DA:27,0
DA:28,2
DA:29,0
DA:31,2
DA:32,2
DA:33,2
DA:42,7
DA:43,224
DA:45,7
DA:46,7
DA:56,2
DA:57,2
DA:58,64
DA:69,0
DA:70,0
DA:71,0
DA:72,0
DA:82,0
DA:83,0
DA:86,0
DA:89,2
DA:90,2
DA:94,0
DA:95,0
DA:96,0
DA:98,0
DA:101,0
DA:102,0
DA:103,0
DA:104,0
DA:106,0
DA:116,0
DA:123,0
DA:124,0
DA:125,0
DA:130,0
DA:131,0
DA:132,0
DA:133,0
DA:143,0
DA:150,0
DA:151,0
DA:152,0
DA:153,0
DA:158,0
DA:159,0
DA:167,0
DA:168,0
DA:170,0
DA:180,0
DA:181,0
DA:182,0
DA:184,0
DA:185,0
DA:195,0
DA:196,0
DA:197,0
DA:199,0
DA:200,0
DA:201,0
LF:68
LH:17
BRDA:181,0,0,0
BRDA:181,0,1,0
BRDA:195,1,0,0
BRDA:195,1,1,0
BRF:4
BRH:0
end_of_record
TN:
SF:services/storage.ts
FN:26,getItem
FN:36,setItem
FN:48,deleteItem
FN:56,isSetupComplete
FN:61,setSetupComplete
FN:65,getSalt
FN:69,setSalt
FN:73,getDataKeyEncrypted
FN:77,setDataKeyEncrypted
FN:81,getDataKeyBiometric
FN:89,setDataKeyBiometric
FN:104,getCardsEncrypted
FN:108,setCardsEncrypted
FN:112,clearDataKeyBiometric
FN:116,getAutoLockTimeout
FN:123,setAutoLockTimeout
FNF:16
FNH:0
FNDA:0,getItem
FNDA:0,setItem
FNDA:0,deleteItem
FNDA:0,isSetupComplete
FNDA:0,setSetupComplete
FNDA:0,getSalt
FNDA:0,setSalt
FNDA:0,getDataKeyEncrypted
FNDA:0,setDataKeyEncrypted
FNDA:0,getDataKeyBiometric
FNDA:0,setDataKeyBiometric
FNDA:0,getCardsEncrypted
FNDA:0,setCardsEncrypted
FNDA:0,clearDataKeyBiometric
FNDA:0,getAutoLockTimeout
FNDA:0,setAutoLockTimeout
DA:5,1
DA:14,1
DA:21,1
DA:24,1
DA:27,0
DA:28,0
DA:30,0
DA:31,0
DA:33,0
DA:37,0
DA:38,0
DA:39,0
DA:41,0
DA:42,0
DA:43,0
DA:45,0
DA:49,0
DA:50,0
DA:51,0
DA:53,0
DA:57,0
DA:58,0
DA:62,0
DA:66,0
DA:70,0
DA:74,0
DA:78,0
DA:82,0
DA:83,0
DA:90,0
DA:91,0
DA:92,0
DA:94,0
DA:95,0
DA:105,0
DA:109,0
DA:113,0
DA:117,0
DA:118,0
DA:119,0
DA:120,0
DA:124,0
LF:42
LH:4
BRDA:27,0,0,0
BRDA:27,0,1,0
BRDA:30,1,0,0
BRDA:30,1,1,0
BRDA:30,2,0,0
BRDA:30,2,1,0
BRDA:37,3,0,0
BRDA:37,3,1,0
BRDA:41,4,0,0
BRDA:41,4,1,0
BRDA:41,5,0,0
BRDA:41,5,1,0
BRDA:49,6,0,0
BRDA:49,6,1,0
BRDA:82,7,0,0
BRDA:82,7,1,0
BRDA:90,8,0,0
BRDA:90,8,1,0
BRDA:118,9,0,0
BRDA:118,9,1,0
BRDA:120,10,0,0
BRDA:120,10,1,0
BRF:22
BRH:0
end_of_record
