TN:
SF:services/auth.ts
FN:13,isUnlocked
FN:17,getDataKey
FN:21,lock
FN:25,isSetupComplete
FN:29,hasBiometricHardware
FN:33,isBiometricEnrolled
FN:37,canUseBiometric
FN:45,setupPin
FN:66,unlockWithPin
FN:83,unlockWithBiometric
FN:102,changePin
FNF:11
FNH:11
FNDA:7,isUnlocked
FNDA:1,getDataKey
FNDA:21,lock
FNDA:1,isSetupComplete
FNDA:1,hasBiometricHardware
FNDA:1,isBiometricEnrolled
FNDA:2,canUseBiometric
FNDA:1,setupPin
FNDA:8,unlockWithPin
FNDA:3,unlockWithBiometric
FNDA:3,changePin
DA:11,1
DA:14,7
DA:18,1
DA:22,21
DA:26,1
DA:30,1
DA:34,1
DA:38,2
DA:42,2
DA:46,1
DA:47,1
DA:49,1
DA:50,1
DA:52,1
DA:53,1
DA:55,1
DA:56,1
DA:57,1
DA:62,1
DA:63,1
DA:67,8
DA:68,8
DA:70,7
DA:71,7
DA:72,7
DA:74,6
DA:75,6
DA:76,5
DA:77,5
DA:79,1
DA:84,3
DA:89,3
DA:91,2
DA:92,2
DA:93,2
DA:95,1
DA:96,1
DA:98,0
DA:103,3
DA:105,2
DA:106,2
DA:108,2
DA:109,2
DA:110,2
DA:112,2
DA:113,2
DA:114,1
DA:115,1
DA:117,1
DA:118,1
DA:119,1
DA:121,1
DA:122,1
DA:123,1
DA:127,1
DA:129,1
LF:56
LH:55
BRDA:42,0,0,2
BRDA:42,0,1,1
BRDA:68,1,0,1
BRDA:68,1,1,7
BRDA:72,2,0,1
BRDA:72,2,1,6
BRDA:89,3,0,1
BRDA:89,3,1,2
BRDA:93,4,0,1
BRDA:93,4,1,1
BRDA:103,5,0,1
BRDA:103,5,1,2
BRDA:106,6,0,0
BRDA:106,6,1,2
BRDA:110,7,0,0
BRDA:110,7,1,2
BRF:16
BRH:14
end_of_record
TN:
SF:services/cards.ts
FN:17,generateId
FN:21,getCards
FN:31,(anonymous_2)
FN:37,saveCards
FN:46,addCard
FN:58,updateCard
FN:60,(anonymous_6)
FN:68,deleteCard
FN:70,(anonymous_8)
FN:77,maskCardNumber
FNF:10
FNH:10
FNDA:1,generateId
FNDA:10,getCards
FNDA:4,(anonymous_2)
FNDA:3,saveCards
FNDA:1,addCard
FNDA:2,updateCard
FNDA:1,(anonymous_6)
FNDA:2,deleteCard
FNDA:1,(anonymous_8)
FNDA:4,maskCardNumber
DA:18,1
DA:22,10
DA:23,10
DA:25,9
DA:26,9
DA:28,7
DA:29,7
DA:30,6
DA:31,6
DA:33,1
DA:38,3
DA:39,3
DA:41,3
DA:42,3
DA:43,3
DA:47,1
DA:48,1
DA:53,1
DA:54,1
DA:55,1
DA:59,2
DA:60,2
DA:61,2
DA:63,1
DA:64,1
DA:65,1
DA:69,2
DA:70,2
DA:71,2
DA:73,1
DA:74,1
DA:78,4
DA:79,4
DA:80,3
LF:34
LH:34
BRDA:23,0,0,1
BRDA:23,0,1,9
BRDA:26,1,0,2
BRDA:26,1,1,7
BRDA:31,2,0,4
BRDA:31,2,1,1
BRDA:39,3,0,0
BRDA:39,3,1,3
BRDA:61,4,0,1
BRDA:61,4,1,1
BRDA:71,5,0,1
BRDA:71,5,1,1
BRDA:79,6,0,1
BRDA:79,6,1,3
BRF:14
BRH:13
end_of_record
TN:
SF:services/encryption.ts
FN:16,(anonymous_0)
FN:17,(anonymous_1)
FN:21,(anonymous_2)
FN:22,(anonymous_3)
FN:26,(anonymous_4)
FN:28,(anonymous_5)
FN:38,deriveKeyFromPin
FN:43,(anonymous_7)
FN:55,generateSalt
FN:58,(anonymous_9)
FN:65,encryptData
FN:78,decryptData
FN:93,bytesToBase64
FN:100,base64ToBytes
FN:112,wrapKeyWeb
FN:139,unwrapKeyWeb
FN:166,bytesToAESKey
FN:168,(anonymous_17)
FN:176,wrapKey
FN:191,unwrapKey
FNF:20
FNH:19
FNDA:3,(anonymous_0)
FNDA:0,(anonymous_1)
FNDA:3,(anonymous_2)
FNDA:79,(anonymous_3)
FNDA:3,(anonymous_4)
FNDA:3,(anonymous_5)
FNDA:7,deriveKeyFromPin
FNDA:224,(anonymous_7)
FNDA:2,generateSalt
FNDA:64,(anonymous_9)
FNDA:2,encryptData
FNDA:2,decryptData
FNDA:1,bytesToBase64
FNDA:1,base64ToBytes
FNDA:1,wrapKeyWeb
FNDA:1,unwrapKeyWeb
FNDA:2,bytesToAESKey
FNDA:64,(anonymous_17)
FNDA:2,wrapKey
FNDA:2,unwrapKey
DA:13,2
DA:16,2
DA:17,3
DA:18,0
DA:21,2
DA:22,3
DA:23,79
DA:26,2
DA:27,3
DA:28,2
DA:29,3
DA:31,2
DA:32,2
DA:33,2
DA:42,7
DA:43,224
DA:45,7
DA:46,7
DA:56,2
DA:57,2
DA:58,64
DA:69,2
DA:70,2
DA:71,2
DA:72,2
DA:82,2
DA:83,2
DA:86,2
DA:89,2
DA:90,2
DA:94,1
DA:95,1
DA:96,60
DA:98,1
DA:101,1
DA:102,1
DA:103,1
DA:104,44
DA:106,1
DA:116,1
DA:123,1
DA:124,1
DA:125,1
DA:130,1
DA:131,1
DA:132,1
DA:133,1
DA:143,1
DA:150,1
DA:151,1
DA:152,1
DA:153,1
DA:158,1
DA:159,1
DA:167,2
DA:168,64
DA:170,2
DA:180,2
DA:181,2
DA:182,1
DA:184,1
DA:185,1
DA:195,2
DA:196,1
DA:197,1
DA:199,1
DA:200,1
DA:201,1
LF:68
LH:67
BRDA:181,0,0,1
BRDA:181,0,1,1
BRDA:195,1,0,1
BRDA:195,1,1,1
BRF:4
BRH:4
end_of_record
TN:
SF:services/storage.ts
FN:26,getItem
FN:36,setItem
FN:48,deleteItem
FN:56,isSetupComplete
FN:61,setSetupComplete
FN:65,getSalt
FN:69,setSalt
FN:73,getDataKeyEncrypted
FN:77,setDataKeyEncrypted
FN:81,getDataKeyBiometric
FN:89,setDataKeyBiometric
FN:104,getCardsEncrypted
FN:108,setCardsEncrypted
FN:112,clearDataKeyBiometric
FN:116,getAutoLockTimeout
FN:123,setAutoLockTimeout
FNF:16
FNH:16
FNDA:16,getItem
FNDA:11,setItem
FNDA:2,deleteItem
FNDA:4,isSetupComplete
FNDA:2,setSetupComplete
FNDA:3,getSalt
FNDA:2,setSalt
FNDA:2,getDataKeyEncrypted
FNDA:2,setDataKeyEncrypted
FNDA:2,getDataKeyBiometric
FNDA:3,setDataKeyBiometric
FNDA:2,getCardsEncrypted
FNDA:2,setCardsEncrypted
FNDA:2,clearDataKeyBiometric
FNDA:4,getAutoLockTimeout
FNDA:2,setAutoLockTimeout
DA:5,2
DA:14,2
DA:21,2
DA:24,2
DA:27,16
DA:28,6
DA:30,10
DA:31,0
DA:33,10
DA:37,11
DA:38,6
DA:39,6
DA:41,5
DA:42,0
DA:43,0
DA:45,5
DA:49,2
DA:50,1
DA:51,1
DA:53,1
DA:57,4
DA:58,4
DA:62,2
DA:66,3
DA:70,2
DA:74,2
DA:78,2
DA:82,2
DA:83,1
DA:90,3
DA:91,1
DA:92,1
DA:94,2
DA:95,2
DA:105,2
DA:109,2
DA:113,2
DA:117,4
DA:118,4
DA:119,3
DA:120,3
DA:124,2
LF:42
LH:39
BRDA:27,0,0,6
BRDA:27,0,1,10
BRDA:30,1,0,0
BRDA:30,1,1,10
BRDA:30,2,0,10
BRDA:30,2,1,0
BRDA:37,3,0,6
BRDA:37,3,1,5
BRDA:41,4,0,0
BRDA:41,4,1,5
BRDA:41,5,0,5
BRDA:41,5,1,0
BRDA:49,6,0,1
BRDA:49,6,1,1
BRDA:82,7,0,1
BRDA:82,7,1,1
BRDA:90,8,0,1
BRDA:90,8,1,2
BRDA:118,9,0,1
BRDA:118,9,1,3
BRDA:120,10,0,1
BRDA:120,10,1,2
BRF:22
BRH:18
end_of_record
